<?xml version="1.0" encoding="UTF-8"?>
<testsuite xmlns:xsi="http://www.w3.org/2001/XMLSchema-instance" xsi:noNamespaceSchemaLocation="https://maven.apache.org/surefire/maven-surefire-plugin/xsd/surefire-test-report.xsd" version="3.0.2" name="com.fortell.boardgame.game_modules.brass.BrassGameModuleTest" time="16.885" tests="107" errors="0" skipped="0" failures="0" flakes="0">
  <properties>
[...]
</properties>
  <testcase name="sellRejectsDisconnectedMerchantBeer" classname="com.fortell.boardgame.game_modules.brass.BrassGameModuleTest" time="0.779"/>
  <testcase name="buildIronWorksSellsToMarketWithoutConnection" classname="com.fortell.boardgame.game_modules.brass.BrassGameModuleTest" time="0.233"/>
  <testcase name="firstCanalRoundAllowsOneActionThenSecondRoundAllowsRestart" classname="com.fortell.boardgame.game_modules.brass.BrassGameModuleTest" time="0.394"/>
  <testcase name="loanUsesConfiguredIncomeLevelAndRecalculatesIncome" classname="com.fortell.boardgame.game_modules.brass.BrassGameModuleTest" time="0.16"/>
  <testcase name="incomeLevelDoesNotRiseAboveNinetyNine" classname="com.fortell.boardgame.game_modules.brass.BrassGameModuleTest" time="0.163"/>
  <testcase name="networkBuildsCanalAndRequiresConnectionAfterFirstLink" classname="com.fortell.boardgame.game_modules.brass.BrassGameModuleTest" time="0.131"/>
  <testcase name="sellTilesExposeOnlyUsableBeerSourcesForSaleCity" classname="com.fortell.boardgame.game_modules.brass.BrassGameModuleTest" time="0.117"/>
  <testcase name="buildPlacesIndustryConsumesCardAndMoney" classname="com.fortell.boardgame.game_modules.brass.BrassGameModuleTest" time="0.136"/>
  <testcase name="railNetworkRejectsDepletedPreferredCoalMineWithoutBuyingMarketCoal" classname="com.fortell.boardgame.game_modules.brass.BrassGameModuleTest" time="0.166"/>
  <testcase name="randomlyChoosesFirstCanalRoundTurnOrder" classname="com.fortell.boardgame.game_modules.brass.BrassGameModuleTest" time="0.101"/>
  <testcase name="industryCardBuildAllowsCityInOwnNetwork" classname="com.fortell.boardgame.game_modules.brass.BrassGameModuleTest" time="0.134"/>
  <testcase name="developRejectsMoreThanTwoIndustriesWithoutChangingState" classname="com.fortell.boardgame.game_modules.brass.BrassGameModuleTest" time="0.131"/>
  <testcase name="playersReceiveRandomColorsAndNetworkLinkUsesPlayerColor" classname="com.fortell.boardgame.game_modules.brass.BrassGameModuleTest" time="0.189"/>
  <testcase name="scoutRejectsDuplicateCardIdsWithoutChangingHand" classname="com.fortell.boardgame.game_modules.brass.BrassGameModuleTest" time="0.178"/>
  <testcase name="railNetworkRoutePairsExposeBeerSourcesAfterBothHypotheticalLinks" classname="com.fortell.boardgame.game_modules.brass.BrassGameModuleTest" time="0.183"/>
  <testcase name="unavailableActionsAndCandidatesAreHiddenWhenMoneyOrResourcesAreInsufficient" classname="com.fortell.boardgame.game_modules.brass.BrassGameModuleTest" time="0.424"/>
  <testcase name="industryCardBuildRequiresOwnNetworkAfterNetworkExists" classname="com.fortell.boardgame.game_modules.brass.BrassGameModuleTest" time="0.132"/>
  <testcase name="sellRejectsCardNotInHandWithoutChangingState" classname="com.fortell.boardgame.game_modules.brass.BrassGameModuleTest" time="0.14"/>
  <testcase name="depleteFlipTypeCannotBeSoldEvenIfIndustryTypeIsNormallySellable" classname="com.fortell.boardgame.game_modules.brass.BrassGameModuleTest" time="0.129"/>
  <testcase name="sellCanConsumeMerchantBeerAndApplyMapReward" classname="com.fortell.boardgame.game_modules.brass.BrassGameModuleTest" time="0.128"/>
  <testcase name="derivedMapScoresRefreshWhenFlippedIndustriesChange" classname="com.fortell.boardgame.game_modules.brass.BrassGameModuleTest" time="0.037"/>
  <testcase name="railNetworkRoutesExposeCoalSourcesAfterHypotheticalLink" classname="com.fortell.boardgame.game_modules.brass.BrassGameModuleTest" time="0.149"/>
  <testcase name="railNetworkRejectsDisconnectedPreferredCoalMine" classname="com.fortell.boardgame.game_modules.brass.BrassGameModuleTest" time="0.173"/>
  <testcase name="sellFlipTypeNeverProvidesConfiguredResourcesWhenBuilt" classname="com.fortell.boardgame.game_modules.brass.BrassGameModuleTest" time="0.147"/>
  <testcase name="failedBuildResourceConsumptionDoesNotSpendMoneyPlaceTileOrDiscardCard" classname="com.fortell.boardgame.game_modules.brass.BrassGameModuleTest" time="0.135"/>
  <testcase name="anonymousBreweryRejectsLocationCard" classname="com.fortell.boardgame.game_modules.brass.BrassGameModuleTest" time="0.153"/>
  <testcase name="breweryIndustryCardCanBuildPersonalBreweryAfterOwningKidderminsterWorcesterRoute" classname="com.fortell.boardgame.game_modules.brass.BrassGameModuleTest" time="0.164"/>
  <testcase name="buildCannotCoverOwnUnflippedOrSameLevelIndustry" classname="com.fortell.boardgame.game_modules.brass.BrassGameModuleTest" time="0.124"/>
  <testcase name="merchantVpRewardsApplyImmediately" classname="com.fortell.boardgame.game_modules.brass.BrassGameModuleTest" time="0.22"/>
  <testcase name="railNetworkCanBuildTwoLinksAndConsumeBeerMadeReachableBySecondLink" classname="com.fortell.boardgame.game_modules.brass.BrassGameModuleTest" time="0.193"/>
  <testcase name="incomeCollectionUsesIncomeConfig" classname="com.fortell.boardgame.game_modules.brass.BrassGameModuleTest" time="0.269"/>
  <testcase name="developFailureOnSecondIndustryDoesNotKeepFirstDevelopment" classname="com.fortell.boardgame.game_modules.brass.BrassGameModuleTest" time="0.113"/>
  <testcase name="developRejectsLevelThreePotteryWhenItIsLowestRemainingTile" classname="com.fortell.boardgame.game_modules.brass.BrassGameModuleTest" time="0.152"/>
  <testcase name="railNetworkCanConsumeCoalMadeReachableByNewLink" classname="com.fortell.boardgame.game_modules.brass.BrassGameModuleTest" time="0.205"/>
  <testcase name="merchantDevelopRewardRejectsInvalidIndustryWithoutConsumingMerchantBeer" classname="com.fortell.boardgame.game_modules.brass.BrassGameModuleTest" time="0.146"/>
  <testcase name="resourceIndustryUsesCurrentEraResourceAmountWhenBuilt" classname="com.fortell.boardgame.game_modules.brass.BrassGameModuleTest" time="0.295"/>
  <testcase name="railNetworkConsumesCoalFromMarket" classname="com.fortell.boardgame.game_modules.brass.BrassGameModuleTest" time="0.221"/>
  <testcase name="sellRejectsBatchTileIdsWithoutChangingState" classname="com.fortell.boardgame.game_modules.brass.BrassGameModuleTest" time="0.155"/>
  <testcase name="mapAllowsRailOnlyRouteFromBirminghamMap" classname="com.fortell.boardgame.game_modules.brass.BrassGameModuleTest" time="0.267"/>
  <testcase name="rejectsUnavailableMainActionWhileAwaitingEndTurn" classname="com.fortell.boardgame.game_modules.brass.BrassGameModuleTest" time="0.046"/>
  <testcase name="buildCoalMineSellsToConnectedMarketAndFlipsWhenEmpty" classname="com.fortell.boardgame.game_modules.brass.BrassGameModuleTest" time="0.116"/>
  <testcase name="endTurnEntersEraEndingWhenDeckAndHandsAreEmpty" classname="com.fortell.boardgame.game_modules.brass.BrassGameModuleTest" time="0.143"/>
  <testcase name="canalNetworkRejectsTwoRoutesWithoutChangingState" classname="com.fortell.boardgame.game_modules.brass.BrassGameModuleTest" time="0.126"/>
  <testcase name="scoutUnavailableWithFewerThanThreeNonWildCards" classname="com.fortell.boardgame.game_modules.brass.BrassGameModuleTest" time="0.131"/>
  <testcase name="sellTilesExposeOnlyConnectedAcceptingMerchantSources" classname="com.fortell.boardgame.game_modules.brass.BrassGameModuleTest" time="0.18"/>
  <testcase name="railNetworkFirstLinkCannotUseCoalOnlyMadeReachableBySecondLink" classname="com.fortell.boardgame.game_modules.brass.BrassGameModuleTest" time="0.199"/>
  <testcase name="developRejectsCardNotInHandWithoutChangingState" classname="com.fortell.boardgame.game_modules.brass.BrassGameModuleTest" time="0.168"/>
  <testcase name="wildLocationBuildAllowsCityOutsideOwnNetwork" classname="com.fortell.boardgame.game_modules.brass.BrassGameModuleTest" time="0.197"/>
  <testcase name="railNetworkRejectsDuplicateRoutesWithoutChangingState" classname="com.fortell.boardgame.game_modules.brass.BrassGameModuleTest" time="0.156"/>
  <testcase name="startsCanalEraWithHandsAndTurnSnapshot" classname="com.fortell.boardgame.game_modules.brass.BrassGameModuleTest" time="0.076"/>
  <testcase name="buildRejectsIndustryUnsupportedByCityWithoutChangingState" classname="com.fortell.boardgame.game_modules.brass.BrassGameModuleTest" time="0.167"/>
  <testcase name="buildCannotCoverOpponentResourceFactoryWhenMarketHasResource" classname="com.fortell.boardgame.game_modules.brass.BrassGameModuleTest" time="0.196"/>
  <testcase name="buildCanUsePreferredCoalSource" classname="com.fortell.boardgame.game_modules.brass.BrassGameModuleTest" time="0.157"/>
  <testcase name="mapAllowsCitySlotOptionsFromBirminghamMap" classname="com.fortell.boardgame.game_modules.brass.BrassGameModuleTest" time="0.119"/>
  <testcase name="emptyCurrentPlayerHandDoesNotSkipRemainingRoundTurns" classname="com.fortell.boardgame.game_modules.brass.BrassGameModuleTest" time="0.121"/>
  <testcase name="wildIndustryBuildAllowsAnyIndustryInsideOwnNetwork" classname="com.fortell.boardgame.game_modules.brass.BrassGameModuleTest" time="0.11"/>
  <testcase name="canalEraRejectsRailOnlyBoardTile" classname="com.fortell.boardgame.game_modules.brass.BrassGameModuleTest" time="0.117"/>
  <testcase name="networkRejectsCardNotInHandWithoutChangingState" classname="com.fortell.boardgame.game_modules.brass.BrassGameModuleTest" time="0.128"/>
  <testcase name="wildIndustryBuildRequiresOwnNetworkAfterNetworkExists" classname="com.fortell.boardgame.game_modules.brass.BrassGameModuleTest" time="0.113"/>
  <testcase name="loanIsAvailableInRailEraAsMainAction" classname="com.fortell.boardgame.game_modules.brass.BrassGameModuleTest" time="0.222"/>
  <testcase name="developCanUsePreferredIronSource" classname="com.fortell.boardgame.game_modules.brass.BrassGameModuleTest" time="0.135"/>
  <testcase name="finalRoundCollectsNegativeIncomeBeforeEraMaintenanceAndResolvesDebt" classname="com.fortell.boardgame.game_modules.brass.BrassGameModuleTest" time="0.124"/>
  <testcase name="developRejectsLevelOnePotteryInsteadOfSkippingToLevelTwo" classname="com.fortell.boardgame.game_modules.brass.BrassGameModuleTest" time="0.125"/>
  <testcase name="rejectsEraMaintenanceBeforeItIsAvailable" classname="com.fortell.boardgame.game_modules.brass.BrassGameModuleTest" time="0.039"/>
  <testcase name="rejectsActionFromNonCurrentPlayerWithoutChangingState" classname="com.fortell.boardgame.game_modules.brass.BrassGameModuleTest" time="0.026"/>
  <testcase name="loanRejectsCardNotInHandWithoutChangingState" classname="com.fortell.boardgame.game_modules.brass.BrassGameModuleTest" time="0.138"/>
  <testcase name="buildCanCoverOpponentEmptyResourceFactoryOnlyWhenMarketAndFactoriesEmpty" classname="com.fortell.boardgame.game_modules.brass.BrassGameModuleTest" time="0.12"/>
  <testcase name="sellConsumesBeerAndFlipsSellableIndustry" classname="com.fortell.boardgame.game_modules.brass.BrassGameModuleTest" time="0.147"/>
  <testcase name="buildRejectsSharedIndustrySlotWhenDedicatedSlotIsAvailable" classname="com.fortell.boardgame.game_modules.brass.BrassGameModuleTest" time="0.131"/>
  <testcase name="buildCannotCoverOpponentResourceFactoryWhenAnyFactoryHasSupply" classname="com.fortell.boardgame.game_modules.brass.BrassGameModuleTest" time="0.155"/>
  <testcase name="railNetworkRejectsDisconnectedOtherPlayerBeer" classname="com.fortell.boardgame.game_modules.brass.BrassGameModuleTest" time="0.185"/>
  <testcase name="sellRejectsMerchantWithoutBeerWithoutChangingState" classname="com.fortell.boardgame.game_modules.brass.BrassGameModuleTest" time="0.138"/>
  <testcase name="merchantMoneyRewardAppliesImmediately" classname="com.fortell.boardgame.game_modules.brass.BrassGameModuleTest" time="0.096"/>
  <testcase name="loanRejectsIncomeLevelsZeroOneAndTwoWithoutChangingState" classname="com.fortell.boardgame.game_modules.brass.BrassGameModuleTest" time="0.373"/>
  <testcase name="canalEraMaintenanceRemovesAllBuiltLevelOneIndustriesIncludingPottery" classname="com.fortell.boardgame.game_modules.brass.BrassGameModuleTest" time="0.121"/>
  <testcase name="developConsumesIronAndRaisesNextBuiltIndustryLevel" classname="com.fortell.boardgame.game_modules.brass.BrassGameModuleTest" time="0.133"/>
  <testcase name="usedWildCardReturnsToScoutPoolInsteadOfDiscardPile" classname="com.fortell.boardgame.game_modules.brass.BrassGameModuleTest" time="0.135"/>
  <testcase name="developCanAdvanceSameIndustryTwiceInOrder" classname="com.fortell.boardgame.game_modules.brass.BrassGameModuleTest" time="0.112"/>
  <testcase name="availableBuildOptionsIncludeCoverableOpponentResourceFactory" classname="com.fortell.boardgame.game_modules.brass.BrassGameModuleTest" time="0.105"/>
  <testcase name="canalEraMaintenanceScoresLinksAndStartsRailEra" classname="com.fortell.boardgame.game_modules.brass.BrassGameModuleTest" time="0.168"/>
  <testcase name="sellSessionCanSellMultipleIndustriesWithDifferentBeerSourcesBeforeEndingAction" classname="com.fortell.boardgame.game_modules.brass.BrassGameModuleTest" time="0.138"/>
  <testcase name="availableActionsHideNetworkWhenPlayerHasBuiltFourteenLinks" classname="com.fortell.boardgame.game_modules.brass.BrassGameModuleTest" time="0.147"/>
  <testcase name="developRejectsDepletedPreferredIronWithoutBuyingMarketIron" classname="com.fortell.boardgame.game_modules.brass.BrassGameModuleTest" time="0.098"/>
  <testcase name="canalEraMaintenanceRefillsSellableMerchantBeerOnce" classname="com.fortell.boardgame.game_modules.brass.BrassGameModuleTest" time="0.172"/>
  <testcase name="routeScoringUsesBuildingAndMarketRoadPoints" classname="com.fortell.boardgame.game_modules.brass.BrassGameModuleTest" time="0.18"/>
  <testcase name="buildOptionsExposeOnlyReachableCoalSourcesForTargetCity" classname="com.fortell.boardgame.game_modules.brass.BrassGameModuleTest" time="0.11"/>
  <testcase name="scoutRejectsWildCardsWithoutChangingHand" classname="com.fortell.boardgame.game_modules.brass.BrassGameModuleTest" time="0.136"/>
  <testcase name="sellingZeroBeerManufacturerDoesNotConsumeMerchantBeerOrGrantReward" classname="com.fortell.boardgame.game_modules.brass.BrassGameModuleTest" time="0.115"/>
  <testcase name="railEraMaintenanceFinishesGameAndFindsWinners" classname="com.fortell.boardgame.game_modules.brass.BrassGameModuleTest" time="0.136"/>
  <testcase name="sellRejectsMerchantThatDoesNotAcceptIndustryWithoutChangingState" classname="com.fortell.boardgame.game_modules.brass.BrassGameModuleTest" time="0.133"/>
  <testcase name="sellRejectsDisconnectedOtherPlayerBeer" classname="com.fortell.boardgame.game_modules.brass.BrassGameModuleTest" time="0.123"/>
  <testcase name="canalEraRejectsSecondIndustryInSameCityBySamePlayer" classname="com.fortell.boardgame.game_modules.brass.BrassGameModuleTest" time="0.137"/>
  <testcase name="sellRejectsPreferredBeerWithInsufficientAmountWithoutFallback" classname="com.fortell.boardgame.game_modules.brass.BrassGameModuleTest" time="0.121"/>
  <testcase name="buildRejectsLocationCardForDifferentCityWithoutChangingState" classname="com.fortell.boardgame.game_modules.brass.BrassGameModuleTest" time="0.124"/>
  <testcase name="railNetworkCanConsumeReachableCoalMine" classname="com.fortell.boardgame.game_modules.brass.BrassGameModuleTest" time="0.124"/>
  <testcase name="endOfRoundCollectsIncomeAndOrdersByLeastSpending" classname="com.fortell.boardgame.game_modules.brass.BrassGameModuleTest" time="0.201"/>
  <testcase name="buildCanCoverOwnFlippedLowerLevelIndustryAndRemovesOldTileFromGame" classname="com.fortell.boardgame.game_modules.brass.BrassGameModuleTest" time="0.113"/>
  <testcase name="developCanBuyDistantIronWhenIronMarketEmpty" classname="com.fortell.boardgame.game_modules.brass.BrassGameModuleTest" time="0.14"/>
  <testcase name="railNetworkCanBuyDistantCoalWhenCoalMarketEmpty" classname="com.fortell.boardgame.game_modules.brass.BrassGameModuleTest" time="0.136"/>
  <testcase name="sellCanConsumeOwnBeerWithoutConnection" classname="com.fortell.boardgame.game_modules.brass.BrassGameModuleTest" time="0.114"/>
  <testcase name="sellSessionWithNoRemainingSellableIndustryOnlyOffersEndSell" classname="com.fortell.boardgame.game_modules.brass.BrassGameModuleTest" time="0.113"/>
  <testcase name="scoutExchangesThreeCardsForOneWildLocationAndOneWildIndustry" classname="com.fortell.boardgame.game_modules.brass.BrassGameModuleTest" time="0.153"/>
  <testcase name="merchantDevelopRewardCanUseSelectedIndustry" classname="com.fortell.boardgame.game_modules.brass.BrassGameModuleTest" time="0.121"/>
  <testcase name="scoutRejectsExhaustedScoutPoolWithoutChangingHand" classname="com.fortell.boardgame.game_modules.brass.BrassGameModuleTest" time="0.156"/>
  <testcase name="sellCanConsumeConnectedOtherPlayerBeer" classname="com.fortell.boardgame.game_modules.brass.BrassGameModuleTest" time="0.135"/>
  <testcase name="railNetworkRejectsTwoRoutesWhenOnlyOneLinkPieceRemains" classname="com.fortell.boardgame.game_modules.brass.BrassGameModuleTest" time="0.106"/>
  <testcase name="buildUsesDedicatedIndustrySlotBeforeSharedSlotInSameCity" classname="com.fortell.boardgame.game_modules.brass.BrassGameModuleTest" time="0.109"/>
</testsuite>